platforms/android/app/build/outputs/logs/manifest-merger-debug-report.txt
-- Merging decision tree log ---
provider#de.appplant.cordova.plugin.notification.util.AssetProvider
INJECTED from src\main\AndroidManifest.xml:12:9-14:20
	android:grantUriPermissions
		ADDED from src\main\AndroidManifest.xml:12:92-126
	android:authorities
		INJECTED from src\main\AndroidManifest.xml
		ADDED from src\main\AndroidManifest.xml:12:19-66
	android:exported
		ADDED from src\main\AndroidManifest.xml:12:67-91
	android:name
		ADDED from src\main\AndroidManifest.xml:12:127-200
manifest
ADDED from src\main\AndroidManifest.xml:2:1-25:12
INJECTED from src\main\AndroidManifest.xml:2:1-25:12
INJECTED from src\main\AndroidManifest.xml:2:1-25:12
INJECTED from src\main\AndroidManifest.xml:2:1-25:12
MERGED from [tsbackgroundfetch-0.4.2.aar] AndroidManifest.xml:2:1-31:12
MERGED from [tslocationmanager-3.0.53.aar] AndroidManifest.xml:1:39-40:12
MERGED from [me.leolin:ShortcutBadger:1.1.22] AndroidManifest.xml:2:1-52:12
MERGED from [:CordovaLib] AndroidManifest.xml:20:1-27:12
MERGED from [com.google.android.gms:play-services-location:16.0.0] AndroidManifest.xml:2:1-9:12
MERGED from [com.android.support:appcompat-v7:28.0.0] AndroidManifest.xml:17:1-22:12
MERGED from [com.intentfilter:android-permissions:0.1.8] AndroidManifest.xml:2:1-18:12
MERGED from [com.github.tony19:logback-android:2.0.0] AndroidManifest.xml:2:1-11:12
MERGED from [com.google.android.gms:play-services-base:16.0.1] AndroidManifest.xml:17:1-29:12
MERGED from [com.google.android.gms:play-services-places-placereport:16.0.0] AndroidManifest.xml:17:1-24:12
MERGED from [com.google.android.gms:play-services-tasks:16.0.1] AndroidManifest.xml:2:1-9:12
MERGED from [com.google.android.gms:play-services-basement:16.0.1] AndroidManifest.xml:17:1-28:12
MERGED from [com.android.support:support-v4:28.0.0] AndroidManifest.xml:17:1-22:12
MERGED from [com.android.support:support-fragment:28.0.0] AndroidManifest.xml:17:1-22:12
MERGED from [com.android.support:animated-vector-drawable:28.0.0] AndroidManifest.xml:17:1-22:12
MERGED from [com.android.support:support-core-ui:28.0.0] AndroidManifest.xml:17:1-22:12
MERGED from [com.android.support:support-core-utils:28.0.0] AndroidManifest.xml:17:1-22:12
MERGED from [com.android.support:support-vector-drawable:28.0.0] AndroidManifest.xml:17:1-22:12
MERGED from [com.android.support:support-media-compat:28.0.0] AndroidManifest.xml:17:1-22:12
MERGED from [com.android.support:loader:28.0.0] AndroidManifest.xml:17:1-22:12
MERGED from [com.android.support:viewpager:28.0.0] AndroidManifest.xml:17:1-22:12
MERGED from [com.android.support:coordinatorlayout:28.0.0] AndroidManifest.xml:17:1-22:12
MERGED from [com.android.support:drawerlayout:28.0.0] AndroidManifest.xml:17:1-22:12
MERGED from [com.android.support:slidingpanelayout:28.0.0] AndroidManifest.xml:17:1-22:12
MERGED from [com.android.support:customview:28.0.0] AndroidManifest.xml:17:1-22:12
MERGED from [com.android.support:swiperefreshlayout:28.0.0] AndroidManifest.xml:17:1-22:12
MERGED from [com.android.support:asynclayoutinflater:28.0.0] AndroidManifest.xml:17:1-22:12
MERGED from [com.android.support:support-compat:28.0.0] AndroidManifest.xml:17:1-24:12
MERGED from [com.android.support:versionedparcelable:28.0.0] AndroidManifest.xml:17:1-25:12
MERGED from [com.android.support:cursoradapter:28.0.0] AndroidManifest.xml:17:1-22:12
MERGED from [android.arch.lifecycle:runtime:1.1.1] AndroidManifest.xml:17:1-22:12
MERGED from [com.android.support:documentfile:28.0.0] AndroidManifest.xml:17:1-22:12
MERGED from [com.android.support:localbroadcastmanager:28.0.0] AndroidManifest.xml:17:1-22:12
MERGED from [com.android.support:print:28.0.0] AndroidManifest.xml:17:1-22:12
MERGED from [android.arch.lifecycle:viewmodel:1.1.1] AndroidManifest.xml:17:1-22:12
MERGED from [com.android.support:interpolator:28.0.0] AndroidManifest.xml:17:1-22:12
MERGED from [android.arch.lifecycle:livedata:1.1.1] AndroidManifest.xml:17:1-22:12
MERGED from [android.arch.lifecycle:livedata-core:1.1.1] AndroidManifest.xml:17:1-22:12
MERGED from [android.arch.core:runtime:1.1.1] AndroidManifest.xml:17:1-22:12
INJECTED from src\main\AndroidManifest.xml:2:1-25:12
INJECTED from src\main\AndroidManifest.xml:2:1-25:12
INJECTED from src\main\AndroidManifest.xml:2:1-25:12
	package
		ADDED from src\main\AndroidManifest.xml:2:98-137
		INJECTED from src\main\AndroidManifest.xml
		INJECTED from src\main\AndroidManifest.xml
	android:versionName
		ADDED from src\main\AndroidManifest.xml:2:70-97
		INJECTED from src\main\AndroidManifest.xml
		INJECTED from src\main\AndroidManifest.xml
	android:hardwareAccelerated
		ADDED from src\main\AndroidManifest.xml:2:11-45
	xmlns:android
		ADDED from src\main\AndroidManifest.xml:2:138-196
	android:versionCode
		ADDED from src\main\AndroidManifest.xml:2:46-69
		INJECTED from src\main\AndroidManifest.xml
		INJECTED from src\main\AndroidManifest.xml
supports-screens
ADDED from src\main\AndroidManifest.xml:3:5-191
	android:largeScreens
		ADDED from src\main\AndroidManifest.xml:3:49-76
	android:smallScreens
		ADDED from src\main\AndroidManifest.xml:3:132-159
	android:normalScreens
		ADDED from src\main\AndroidManifest.xml:3:77-105
	android:xlargeScreens
		ADDED from src\main\AndroidManifest.xml:3:160-188
	android:resizeable
		ADDED from src\main\AndroidManifest.xml:3:106-131
	android:anyDensity
		ADDED from src\main\AndroidManifest.xml:3:23-48
uses-permission#android.permission.INTERNET
ADDED from src\main\AndroidManifest.xml:4:5-67
MERGED from [tslocationmanager-3.0.53.aar] AndroidManifest.xml:10:5-66
MERGED from [tslocationmanager-3.0.53.aar] AndroidManifest.xml:10:5-66
	android:name
		ADDED from src\main\AndroidManifest.xml:4:22-64
application
ADDED from src\main\AndroidManifest.xml:5:5-19:19
MERGED from [tsbackgroundfetch-0.4.2.aar] AndroidManifest.xml:15:5-29:19
MERGED from [tsbackgroundfetch-0.4.2.aar] AndroidManifest.xml:15:5-29:19
MERGED from [tslocationmanager-3.0.53.aar] AndroidManifest.xml:19:5-39:19
MERGED from [tslocationmanager-3.0.53.aar] AndroidManifest.xml:19:5-39:19
MERGED from [com.google.android.gms:play-services-location:16.0.0] AndroidManifest.xml:7:5-20
MERGED from [com.google.android.gms:play-services-location:16.0.0] AndroidManifest.xml:7:5-20
MERGED from [com.intentfilter:android-permissions:0.1.8] AndroidManifest.xml:11:5-16:19
MERGED from [com.intentfilter:android-permissions:0.1.8] AndroidManifest.xml:11:5-16:19
MERGED from [com.google.android.gms:play-services-base:16.0.1] AndroidManifest.xml:22:5-27:19
MERGED from [com.google.android.gms:play-services-base:16.0.1] AndroidManifest.xml:22:5-27:19
MERGED from [com.google.android.gms:play-services-places-placereport:16.0.0] AndroidManifest.xml:22:5-20
MERGED from [com.google.android.gms:play-services-places-placereport:16.0.0] AndroidManifest.xml:22:5-20
MERGED from [com.google.android.gms:play-services-tasks:16.0.1] AndroidManifest.xml:7:5-20
MERGED from [com.google.android.gms:play-services-tasks:16.0.1] AndroidManifest.xml:7:5-20
MERGED from [com.google.android.gms:play-services-basement:16.0.1] AndroidManifest.xml:22:5-26:19
MERGED from [com.google.android.gms:play-services-basement:16.0.1] AndroidManifest.xml:22:5-26:19
MERGED from [com.android.support:support-compat:28.0.0] AndroidManifest.xml:22:5-94
MERGED from [com.android.support:support-compat:28.0.0] AndroidManifest.xml:22:5-94
MERGED from [com.android.support:versionedparcelable:28.0.0] AndroidManifest.xml:22:5-23:19
MERGED from [com.android.support:versionedparcelable:28.0.0] AndroidManifest.xml:22:5-23:19
	android:appComponentFactory
		ADDED from [com.android.support:support-compat:28.0.0] AndroidManifest.xml:22:18-91
	android:supportsRtl
		ADDED from src\main\AndroidManifest.xml:5:182-208
	android:label
		ADDED from src\main\AndroidManifest.xml:5:88-120
	android:hardwareAccelerated
		ADDED from src\main\AndroidManifest.xml:5:18-52
	android:icon
		ADDED from src\main\AndroidManifest.xml:5:53-87
	android:networkSecurityConfig
		ADDED from src\main\AndroidManifest.xml:5:121-181
activity#com.migastone.viruspathtracer.MainActivity
ADDED from src\main\AndroidManifest.xml:6:9-11:20
	android:label
		ADDED from src\main\AndroidManifest.xml:6:136-173
	android:launchMode
		ADDED from src\main\AndroidManifest.xml:6:174-204
	android:windowSoftInputMode
		ADDED from src\main\AndroidManifest.xml:6:296-338
	android:configChanges
		ADDED from src\main\AndroidManifest.xml:6:19-135
	android:theme
		ADDED from src\main\AndroidManifest.xml:6:233-295
	android:name
		ADDED from src\main\AndroidManifest.xml:6:205-232
intent-filter#action:name:android.intent.action.MAIN+category:name:android.intent.category.LAUNCHER
ADDED from src\main\AndroidManifest.xml:7:13-10:29
	android:label
		ADDED from src\main\AndroidManifest.xml:7:28-65
action#android.intent.action.MAIN
ADDED from src\main\AndroidManifest.xml:8:17-69
	android:name
		ADDED from src\main\AndroidManifest.xml:8:25-66
category#android.intent.category.LAUNCHER
ADDED from src\main\AndroidManifest.xml:9:17-77
	android:name
		ADDED from src\main\AndroidManifest.xml:9:27-74
receiver#de.appplant.cordova.plugin.localnotification.TriggerReceiver
ADDED from src\main\AndroidManifest.xml:15:9-122
	android:exported
		ADDED from src\main\AndroidManifest.xml:15:19-43
	android:name
		ADDED from src\main\AndroidManifest.xml:15:44-119
receiver#de.appplant.cordova.plugin.localnotification.ClearReceiver
ADDED from src\main\AndroidManifest.xml:16:9-120
	android:exported
		ADDED from src\main\AndroidManifest.xml:16:19-43
	android:name
		ADDED from src\main\AndroidManifest.xml:16:44-117
activity#de.appplant.cordova.plugin.localnotification.ClickReceiver
ADDED from src\main\AndroidManifest.xml:17:9-205
	android:launchMode
		ADDED from src\main\AndroidManifest.xml:17:44-79
	android:exported
		ADDED from src\main\AndroidManifest.xml:17:19-43
	android:theme
		ADDED from src\main\AndroidManifest.xml:17:154-202
	android:name
		ADDED from src\main\AndroidManifest.xml:17:80-153
meta-data#com.transistorsoft.locationmanager.license_key
ADDED from src\main\AndroidManifest.xml:18:9-165
	android:value
		ADDED from src\main\AndroidManifest.xml:18:82-162
	android:name
		ADDED from src\main\AndroidManifest.xml:18:20-81
uses-permission#android.permission.ACCESS_COARSE_LOCATION
ADDED from src\main\AndroidManifest.xml:20:5-81
MERGED from [tslocationmanager-3.0.53.aar] AndroidManifest.xml:6:5-80
MERGED from [tslocationmanager-3.0.53.aar] AndroidManifest.xml:6:5-80
	android:name
		ADDED from src\main\AndroidManifest.xml:20:22-78
uses-permission#android.permission.ACCESS_FINE_LOCATION
ADDED from src\main\AndroidManifest.xml:21:5-79
MERGED from [tslocationmanager-3.0.53.aar] AndroidManifest.xml:8:5-78
MERGED from [tslocationmanager-3.0.53.aar] AndroidManifest.xml:8:5-78
	android:name
		ADDED from src\main\AndroidManifest.xml:21:22-76
uses-feature#android.hardware.location.gps
ADDED from src\main\AndroidManifest.xml:22:5-66
MERGED from [tslocationmanager-3.0.53.aar] AndroidManifest.xml:18:5-90
MERGED from [tslocationmanager-3.0.53.aar] AndroidManifest.xml:18:5-90
	android:name
		ADDED from src\main\AndroidManifest.xml:22:19-63
uses-permission#android.permission.WAKE_LOCK
ADDED from src\main\AndroidManifest.xml:23:5-68
MERGED from [tsbackgroundfetch-0.4.2.aar] AndroidManifest.xml:12:5-68
MERGED from [tsbackgroundfetch-0.4.2.aar] AndroidManifest.xml:12:5-68
MERGED from [tslocationmanager-3.0.53.aar] AndroidManifest.xml:3:5-67
MERGED from [tslocationmanager-3.0.53.aar] AndroidManifest.xml:3:5-67
	android:name
		ADDED from src\main\AndroidManifest.xml:23:22-65
uses-permission#android.permission.BLUETOOTH
ADDED from src\main\AndroidManifest.xml:24:5-68
	android:name
		ADDED from src\main\AndroidManifest.xml:24:22-65
uses-sdk
INJECTED from src\main\AndroidManifest.xml reason: use-sdk injection requested
INJECTED from src\main\AndroidManifest.xml
INJECTED from src\main\AndroidManifest.xml
MERGED from [tsbackgroundfetch-0.4.2.aar] AndroidManifest.xml:7:5-9:41
MERGED from [tsbackgroundfetch-0.4.2.aar] AndroidManifest.xml:7:5-9:41
MERGED from [tslocationmanager-3.0.53.aar] AndroidManifest.xml:2:5-73
MERGED from [tslocationmanager-3.0.53.aar] AndroidManifest.xml:2:5-73
MERGED from [me.leolin:ShortcutBadger:1.1.22] AndroidManifest.xml:7:5-9:41
MERGED from [me.leolin:ShortcutBadger:1.1.22] AndroidManifest.xml:7:5-9:41
MERGED from [:CordovaLib] AndroidManifest.xml:25:5-44
MERGED from [:CordovaLib] AndroidManifest.xml:25:5-44
MERGED from [com.google.android.gms:play-services-location:16.0.0] AndroidManifest.xml:5:5-44
MERGED from [com.google.android.gms:play-services-location:16.0.0] AndroidManifest.xml:5:5-44
MERGED from [com.android.support:appcompat-v7:28.0.0] AndroidManifest.xml:20:5-44
MERGED from [com.android.support:appcompat-v7:28.0.0] AndroidManifest.xml:20:5-44
MERGED from [com.intentfilter:android-permissions:0.1.8] AndroidManifest.xml:7:5-9:41
MERGED from [com.intentfilter:android-permissions:0.1.8] AndroidManifest.xml:7:5-9:41
MERGED from [com.github.tony19:logback-android:2.0.0] AndroidManifest.xml:7:5-9:41
MERGED from [com.github.tony19:logback-android:2.0.0] AndroidManifest.xml:7:5-9:41
MERGED from [com.google.android.gms:play-services-base:16.0.1] AndroidManifest.xml:20:5-44
MERGED from [com.google.android.gms:play-services-base:16.0.1] AndroidManifest.xml:20:5-44
MERGED from [com.google.android.gms:play-services-places-placereport:16.0.0] AndroidManifest.xml:20:5-44
MERGED from [com.google.android.gms:play-services-places-placereport:16.0.0] AndroidManifest.xml:20:5-44
MERGED from [com.google.android.gms:play-services-tasks:16.0.1] AndroidManifest.xml:5:5-44
MERGED from [com.google.android.gms:play-services-tasks:16.0.1] AndroidManifest.xml:5:5-44
MERGED from [com.google.android.gms:play-services-basement:16.0.1] AndroidManifest.xml:20:5-44
MERGED from [com.google.android.gms:play-services-basement:16.0.1] AndroidManifest.xml:20:5-44
MERGED from [com.android.support:support-v4:28.0.0] AndroidManifest.xml:20:5-44
MERGED from [com.android.support:support-v4:28.0.0] AndroidManifest.xml:20:5-44
MERGED from [com.android.support:support-fragment:28.0.0] AndroidManifest.xml:20:5-44
MERGED from [com.android.support:support-fragment:28.0.0] AndroidManifest.xml:20:5-44
MERGED from [com.android.support:animated-vector-drawable:28.0.0] AndroidManifest.xml:20:5-44
MERGED from [com.android.support:animated-vector-drawable:28.0.0] AndroidManifest.xml:20:5-44
MERGED from [com.android.support:support-core-ui:28.0.0] AndroidManifest.xml:20:5-44
MERGED from [com.android.support:support-core-ui:28.0.0] AndroidManifest.xml:20:5-44
MERGED from [com.android.support:support-core-utils:28.0.0] AndroidManifest.xml:20:5-44
MERGED from [com.android.support:support-core-utils:28.0.0] AndroidManifest.xml:20:5-44
MERGED from [com.android.support:support-vector-drawable:28.0.0] AndroidManifest.xml:20:5-44
MERGED from [com.android.support:support-vector-drawable:28.0.0] AndroidManifest.xml:20:5-44
MERGED from [com.android.support:support-media-compat:28.0.0] AndroidManifest.xml:20:5-44
MERGED from [com.android.support:support-media-compat:28.0.0] AndroidManifest.xml:20:5-44
MERGED from [com.android.support:loader:28.0.0] AndroidManifest.xml:20:5-44
MERGED from [com.android.support:loader:28.0.0] AndroidManifest.xml:20:5-44
MERGED from [com.android.support:viewpager:28.0.0] AndroidManifest.xml:20:5-44
MERGED from [com.android.support:viewpager:28.0.0] AndroidManifest.xml:20:5-44
MERGED from [com.android.support:coordinatorlayout:28.0.0] AndroidManifest.xml:20:5-44
MERGED from [com.android.support:coordinatorlayout:28.0.0] AndroidManifest.xml:20:5-44
MERGED from [com.android.support:drawerlayout:28.0.0] AndroidManifest.xml:20:5-44
MERGED from [com.android.support:drawerlayout:28.0.0] AndroidManifest.xml:20:5-44
MERGED from [com.android.support:slidingpanelayout:28.0.0] AndroidManifest.xml:20:5-44
MERGED from [com.android.support:slidingpanelayout:28.0.0] AndroidManifest.xml:20:5-44
MERGED from [com.android.support:customview:28.0.0] AndroidManifest.xml:20:5-44
MERGED from [com.android.support:customview:28.0.0] AndroidManifest.xml:20:5-44
MERGED from [com.android.support:swiperefreshlayout:28.0.0] AndroidManifest.xml:20:5-44
MERGED from [com.android.support:swiperefreshlayout:28.0.0] AndroidManifest.xml:20:5-44
MERGED from [com.android.support:asynclayoutinflater:28.0.0] AndroidManifest.xml:20:5-44
MERGED from [com.android.support:asynclayoutinflater:28.0.0] AndroidManifest.xml:20:5-44
MERGED from [com.android.support:support-compat:28.0.0] AndroidManifest.xml:20:5-44
MERGED from [com.android.support:support-compat:28.0.0] AndroidManifest.xml:20:5-44
MERGED from [com.android.support:versionedparcelable:28.0.0] AndroidManifest.xml:20:5-44
MERGED from [com.android.support:versionedparcelable:28.0.0] AndroidManifest.xml:20:5-44
MERGED from [com.android.support:cursoradapter:28.0.0] AndroidManifest.xml:20:5-44
MERGED from [com.android.support:cursoradapter:28.0.0] AndroidManifest.xml:20:5-44
MERGED from [android.arch.lifecycle:runtime:1.1.1] AndroidManifest.xml:20:5-44
MERGED from [android.arch.lifecycle:runtime:1.1.1] AndroidManifest.xml:20:5-44
MERGED from [com.android.support:documentfile:28.0.0] AndroidManifest.xml:20:5-44
MERGED from [com.android.support:documentfile:28.0.0] AndroidManifest.xml:20:5-44
MERGED from [com.android.support:localbroadcastmanager:28.0.0] AndroidManifest.xml:20:5-44
MERGED from [com.android.support:localbroadcastmanager:28.0.0] AndroidManifest.xml:20:5-44
MERGED from [com.android.support:print:28.0.0] AndroidManifest.xml:20:5-44
MERGED from [com.android.support:print:28.0.0] AndroidManifest.xml:20:5-44
MERGED from [android.arch.lifecycle:viewmodel:1.1.1] AndroidManifest.xml:20:5-44
MERGED from [android.arch.lifecycle:viewmodel:1.1.1] AndroidManifest.xml:20:5-44
MERGED from [com.android.support:interpolator:28.0.0] AndroidManifest.xml:20:5-44
MERGED from [com.android.support:interpolator:28.0.0] AndroidManifest.xml:20:5-44
MERGED from [android.arch.lifecycle:livedata:1.1.1] AndroidManifest.xml:20:5-44
MERGED from [android.arch.lifecycle:livedata:1.1.1] AndroidManifest.xml:20:5-44
MERGED from [android.arch.lifecycle:livedata-core:1.1.1] AndroidManifest.xml:20:5-44
MERGED from [android.arch.lifecycle:livedata-core:1.1.1] AndroidManifest.xml:20:5-44
MERGED from [android.arch.core:runtime:1.1.1] AndroidManifest.xml:20:5-44
MERGED from [android.arch.core:runtime:1.1.1] AndroidManifest.xml:20:5-44
INJECTED from src\main\AndroidManifest.xml
INJECTED from src\main\AndroidManifest.xml
	android:targetSdkVersion
		INJECTED from src\main\AndroidManifest.xml
		ADDED from src\main\AndroidManifest.xml
		INJECTED from src\main\AndroidManifest.xml
	android:minSdkVersion
		INJECTED from src\main\AndroidManifest.xml
		ADDED from src\main\AndroidManifest.xml
		INJECTED from src\main\AndroidManifest.xml
meta-data#android.support.FILE_PROVIDER_PATHS
ADDED from src\main\AndroidManifest.xml:13:13-134
	android:resource
		ADDED from src\main\AndroidManifest.xml:13:75-131
	android:name
		ADDED from src\main\AndroidManifest.xml:13:24-74
uses-permission#android.permission.RECEIVE_BOOT_COMPLETED
ADDED from [tsbackgroundfetch-0.4.2.aar] AndroidManifest.xml:11:5-81
MERGED from [tslocationmanager-3.0.53.aar] AndroidManifest.xml:13:5-80
MERGED from [tslocationmanager-3.0.53.aar] AndroidManifest.xml:13:5-80
	android:name
		ADDED from [tsbackgroundfetch-0.4.2.aar] AndroidManifest.xml:11:22-78
uses-permission#android.permission.GET_TASKS
ADDED from [tsbackgroundfetch-0.4.2.aar] AndroidManifest.xml:13:5-68
MERGED from [tslocationmanager-3.0.53.aar] AndroidManifest.xml:14:5-67
MERGED from [tslocationmanager-3.0.53.aar] AndroidManifest.xml:14:5-67
	android:name
		ADDED from [tsbackgroundfetch-0.4.2.aar] AndroidManifest.xml:13:22-65
receiver#com.transistorsoft.tsbackgroundfetch.FetchAlarmReceiver
ADDED from [tsbackgroundfetch-0.4.2.aar] AndroidManifest.xml:16:9-92
	android:name
		ADDED from [tsbackgroundfetch-0.4.2.aar] AndroidManifest.xml:16:19-89
service#com.transistorsoft.tsbackgroundfetch.FetchJobService
ADDED from [tsbackgroundfetch-0.4.2.aar] AndroidManifest.xml:18:9-21:72
	android:exported
		ADDED from [tsbackgroundfetch-0.4.2.aar] AndroidManifest.xml:20:13-36
	android:permission
		ADDED from [tsbackgroundfetch-0.4.2.aar] AndroidManifest.xml:21:13-69
	android:name
		ADDED from [tsbackgroundfetch-0.4.2.aar] AndroidManifest.xml:19:13-80
receiver#com.transistorsoft.tsbackgroundfetch.BootReceiver
ADDED from [tsbackgroundfetch-0.4.2.aar] AndroidManifest.xml:23:9-28:20
	android:name
		ADDED from [tsbackgroundfetch-0.4.2.aar] AndroidManifest.xml:23:19-83
intent-filter#action:name:android.intent.action.BOOT_COMPLETED+action:name:android.intent.action.MY_PACKAGE_REPLACED
ADDED from [tsbackgroundfetch-0.4.2.aar] AndroidManifest.xml:24:13-27:29
action#android.intent.action.BOOT_COMPLETED
ADDED from [tsbackgroundfetch-0.4.2.aar] AndroidManifest.xml:25:17-79
	android:name
		ADDED from [tsbackgroundfetch-0.4.2.aar] AndroidManifest.xml:25:25-76
action#android.intent.action.MY_PACKAGE_REPLACED
ADDED from [tsbackgroundfetch-0.4.2.aar] AndroidManifest.xml:26:17-84
	android:name
		ADDED from [tsbackgroundfetch-0.4.2.aar] AndroidManifest.xml:26:25-81
uses-permission#android.permission.ACCESS_NETWORK_STATE
ADDED from [tslocationmanager-3.0.53.aar] AndroidManifest.xml:4:5-78
	android:name
		ADDED from [tslocationmanager-3.0.53.aar] AndroidManifest.xml:4:22-76
uses-permission#android.permission.ACCESS_BACKGROUND_LOCATION
ADDED from [tslocationmanager-3.0.53.aar] AndroidManifest.xml:5:5-84
	android:name
		ADDED from [tslocationmanager-3.0.53.aar] AndroidManifest.xml:5:22-82
uses-permission#android.permission.ACTIVITY_RECOGNITION
ADDED from [tslocationmanager-3.0.53.aar] AndroidManifest.xml:7:5-78
	android:name
		ADDED from [tslocationmanager-3.0.53.aar] AndroidManifest.xml:7:22-76
uses-permission#android.permission.ACCESS_LOCATION_EXTRA_COMMANDS
ADDED from [tslocationmanager-3.0.53.aar] AndroidManifest.xml:9:5-88
	android:name
		ADDED from [tslocationmanager-3.0.53.aar] AndroidManifest.xml:9:22-86
uses-permission#android.permission.FOREGROUND_SERVICE
ADDED from [tslocationmanager-3.0.53.aar] AndroidManifest.xml:11:5-76
	android:name
		ADDED from [tslocationmanager-3.0.53.aar] AndroidManifest.xml:11:22-74
uses-permission#com.google.android.gms.permission.ACTIVITY_RECOGNITION
ADDED from [tslocationmanager-3.0.53.aar] AndroidManifest.xml:12:5-93
	android:name
		ADDED from [tslocationmanager-3.0.53.aar] AndroidManifest.xml:12:22-91
uses-permission#oppo.permission.OPPO_COMPONENT_SAFE
ADDED from [tslocationmanager-3.0.53.aar] AndroidManifest.xml:16:5-74
	android:name
		ADDED from [tslocationmanager-3.0.53.aar] AndroidManifest.xml:16:22-72
uses-permission#com.huawei.permission.external_app_settings.USE_COMPONENT
ADDED from [tslocationmanager-3.0.53.aar] AndroidManifest.xml:17:5-96
	android:name
		ADDED from [tslocationmanager-3.0.53.aar] AndroidManifest.xml:17:22-94
activity#com.transistorsoft.locationmanager.activity.TSLocationManagerActivity
ADDED from [tslocationmanager-3.0.53.aar] AndroidManifest.xml:20:9-219
	android:excludeFromRecents
		ADDED from [tslocationmanager-3.0.53.aar] AndroidManifest.xml:20:104-137
	android:launchMode
		ADDED from [tslocationmanager-3.0.53.aar] AndroidManifest.xml:20:138-173
	android:theme
		ADDED from [tslocationmanager-3.0.53.aar] AndroidManifest.xml:20:174-217
	android:name
		ADDED from [tslocationmanager-3.0.53.aar] AndroidManifest.xml:20:19-103
service#com.transistorsoft.locationmanager.service.TrackingService
ADDED from [tslocationmanager-3.0.53.aar] AndroidManifest.xml:21:9-93
	android:name
		ADDED from [tslocationmanager-3.0.53.aar] AndroidManifest.xml:21:18-91
service#com.transistorsoft.locationmanager.service.LocationRequestService
ADDED from [tslocationmanager-3.0.53.aar] AndroidManifest.xml:22:9-100
	android:name
		ADDED from [tslocationmanager-3.0.53.aar] AndroidManifest.xml:22:18-98
service#com.transistorsoft.locationmanager.service.HeartbeatService
ADDED from [tslocationmanager-3.0.53.aar] AndroidManifest.xml:23:9-94
	android:name
		ADDED from [tslocationmanager-3.0.53.aar] AndroidManifest.xml:23:18-92
service#com.transistorsoft.locationmanager.service.ActivityRecognitionService
ADDED from [tslocationmanager-3.0.53.aar] AndroidManifest.xml:24:9-104
	android:name
		ADDED from [tslocationmanager-3.0.53.aar] AndroidManifest.xml:24:18-102
service#com.transistorsoft.locationmanager.service.GeofencingService
ADDED from [tslocationmanager-3.0.53.aar] AndroidManifest.xml:25:9-95
	android:name
		ADDED from [tslocationmanager-3.0.53.aar] AndroidManifest.xml:25:18-93
service#com.transistorsoft.locationmanager.service.BackgroundTaskService
ADDED from [tslocationmanager-3.0.53.aar] AndroidManifest.xml:26:9-99
	android:name
		ADDED from [tslocationmanager-3.0.53.aar] AndroidManifest.xml:26:18-97
receiver#com.transistorsoft.locationmanager.scheduler.ScheduleAlarmReceiver
ADDED from [tslocationmanager-3.0.53.aar] AndroidManifest.xml:27:9-102
	android:name
		ADDED from [tslocationmanager-3.0.53.aar] AndroidManifest.xml:27:19-100
service#com.transistorsoft.locationmanager.scheduler.ScheduleService
ADDED from [tslocationmanager-3.0.53.aar] AndroidManifest.xml:28:9-95
	android:name
		ADDED from [tslocationmanager-3.0.53.aar] AndroidManifest.xml:28:18-93
service#com.transistorsoft.locationmanager.scheduler.ScheduleJobService
ADDED from [tslocationmanager-3.0.53.aar] AndroidManifest.xml:29:9-179
	android:exported
		ADDED from [tslocationmanager-3.0.53.aar] AndroidManifest.xml:29:97-120
	android:permission
		ADDED from [tslocationmanager-3.0.53.aar] AndroidManifest.xml:29:121-177
	android:name
		ADDED from [tslocationmanager-3.0.53.aar] AndroidManifest.xml:29:18-96
receiver#com.transistorsoft.locationmanager.BootReceiver
ADDED from [tslocationmanager-3.0.53.aar] AndroidManifest.xml:30:9-35:20
	android:name
		ADDED from [tslocationmanager-3.0.53.aar] AndroidManifest.xml:30:19-81
provider#com.transistorsoft.locationmanager.util.LogFileProvider
ADDED from [tslocationmanager-3.0.53.aar] AndroidManifest.xml:36:9-38:20
	android:grantUriPermissions
		ADDED from [tslocationmanager-3.0.53.aar] AndroidManifest.xml:36:185-219
	android:authorities
		ADDED from [tslocationmanager-3.0.53.aar] AndroidManifest.xml:36:90-159
	android:exported
		ADDED from [tslocationmanager-3.0.53.aar] AndroidManifest.xml:36:160-184
	android:name
		ADDED from [tslocationmanager-3.0.53.aar] AndroidManifest.xml:36:19-89
uses-permission#com.sec.android.provider.badge.permission.READ
ADDED from [me.leolin:ShortcutBadger:1.1.22] AndroidManifest.xml:19:5-86
	android:name
		ADDED from [me.leolin:ShortcutBadger:1.1.22] AndroidManifest.xml:19:22-83
uses-permission#com.sec.android.provider.badge.permission.WRITE
ADDED from [me.leolin:ShortcutBadger:1.1.22] AndroidManifest.xml:20:5-87
	android:name
		ADDED from [me.leolin:ShortcutBadger:1.1.22] AndroidManifest.xml:20:22-84
uses-permission#com.htc.launcher.permission.READ_SETTINGS
ADDED from [me.leolin:ShortcutBadger:1.1.22] AndroidManifest.xml:23:5-81
	android:name
		ADDED from [me.leolin:ShortcutBadger:1.1.22] AndroidManifest.xml:23:22-78
uses-permission#com.htc.launcher.permission.UPDATE_SHORTCUT
ADDED from [me.leolin:ShortcutBadger:1.1.22] AndroidManifest.xml:24:5-83
	android:name
		ADDED from [me.leolin:ShortcutBadger:1.1.22] AndroidManifest.xml:24:22-80
uses-permission#com.sonyericsson.home.permission.BROADCAST_BADGE
ADDED from [me.leolin:ShortcutBadger:1.1.22] AndroidManifest.xml:27:5-88
	android:name
		ADDED from [me.leolin:ShortcutBadger:1.1.22] AndroidManifest.xml:27:22-85
uses-permission#com.sonymobile.home.permission.PROVIDER_INSERT_BADGE
ADDED from [me.leolin:ShortcutBadger:1.1.22] AndroidManifest.xml:28:5-92
	android:name
		ADDED from [me.leolin:ShortcutBadger:1.1.22] AndroidManifest.xml:28:22-89
uses-permission#com.anddoes.launcher.permission.UPDATE_COUNT
ADDED from [me.leolin:ShortcutBadger:1.1.22] AndroidManifest.xml:31:5-84
	android:name
		ADDED from [me.leolin:ShortcutBadger:1.1.22] AndroidManifest.xml:31:22-81
uses-permission#com.majeur.launcher.permission.UPDATE_BADGE
ADDED from [me.leolin:ShortcutBadger:1.1.22] AndroidManifest.xml:34:5-83
	android:name
		ADDED from [me.leolin:ShortcutBadger:1.1.22] AndroidManifest.xml:34:22-80
uses-permission#com.huawei.android.launcher.permission.CHANGE_BADGE
ADDED from [me.leolin:ShortcutBadger:1.1.22] AndroidManifest.xml:37:5-91
	android:name
		ADDED from [me.leolin:ShortcutBadger:1.1.22] AndroidManifest.xml:37:22-88
uses-permission#com.huawei.android.launcher.permission.READ_SETTINGS
ADDED from [me.leolin:ShortcutBadger:1.1.22] AndroidManifest.xml:38:5-92
	android:name
		ADDED from [me.leolin:ShortcutBadger:1.1.22] AndroidManifest.xml:38:22-89
uses-permission#com.huawei.android.launcher.permission.WRITE_SETTINGS
ADDED from [me.leolin:ShortcutBadger:1.1.22] AndroidManifest.xml:39:5-93
	android:name
		ADDED from [me.leolin:ShortcutBadger:1.1.22] AndroidManifest.xml:39:22-90
uses-permission#android.permission.READ_APP_BADGE
ADDED from [me.leolin:ShortcutBadger:1.1.22] AndroidManifest.xml:42:5-73
	android:name
		ADDED from [me.leolin:ShortcutBadger:1.1.22] AndroidManifest.xml:42:22-70
uses-permission#com.oppo.launcher.permission.READ_SETTINGS
ADDED from [me.leolin:ShortcutBadger:1.1.22] AndroidManifest.xml:45:5-82
	android:name
		ADDED from [me.leolin:ShortcutBadger:1.1.22] AndroidManifest.xml:45:22-79
uses-permission#com.oppo.launcher.permission.WRITE_SETTINGS
ADDED from [me.leolin:ShortcutBadger:1.1.22] AndroidManifest.xml:46:5-83
	android:name
		ADDED from [me.leolin:ShortcutBadger:1.1.22] AndroidManifest.xml:46:22-80
uses-permission#me.everything.badger.permission.BADGE_COUNT_READ
ADDED from [me.leolin:ShortcutBadger:1.1.22] AndroidManifest.xml:49:5-88
	android:name
		ADDED from [me.leolin:ShortcutBadger:1.1.22] AndroidManifest.xml:49:22-85
uses-permission#me.everything.badger.permission.BADGE_COUNT_WRITE
ADDED from [me.leolin:ShortcutBadger:1.1.22] AndroidManifest.xml:50:5-89
	android:name